Determining if the pthread_create exist failed with the following output:
Change Dir: /home/shawn/ros_ws/build/CMakeFiles/CMakeTmp

Run Build Command:/usr/bin/make "cmTryCompileExec2616854376/fast"
/usr/bin/make -f CMakeFiles/cmTryCompileExec2616854376.dir/build.make CMakeFiles/cmTryCompileExec2616854376.dir/build
make[1]: Entering directory `/home/shawn/ros_ws/build/CMakeFiles/CMakeTmp'
/usr/bin/cmake -E cmake_progress_report /home/shawn/ros_ws/build/CMakeFiles/CMakeTmp/CMakeFiles 1
Building C object CMakeFiles/cmTryCompileExec2616854376.dir/CheckSymbolExists.c.o
/usr/bin/cc    -o CMakeFiles/cmTryCompileExec2616854376.dir/CheckSymbolExists.c.o   -c /home/shawn/ros_ws/build/CMakeFiles/CMakeTmp/CheckSymbolExists.c
Linking C executable cmTryCompileExec2616854376
/usr/bin/cmake -E cmake_link_script CMakeFiles/cmTryCompileExec2616854376.dir/link.txt --verbose=1
/usr/bin/cc       CMakeFiles/cmTryCompileExec2616854376.dir/CheckSymbolExists.c.o  -o cmTryCompileExec2616854376 -rdynamic 
CMakeFiles/cmTryCompileExec2616854376.dir/CheckSymbolExists.c.o: In function `main':
CheckSymbolExists.c:(.text+0x16): undefined reference to `pthread_create'
collect2: error: ld returned 1 exit status
make[1]: *** [cmTryCompileExec2616854376] Error 1
make[1]: Leaving directory `/home/shawn/ros_ws/build/CMakeFiles/CMakeTmp'
make: *** [cmTryCompileExec2616854376/fast] Error 2

File /home/shawn/ros_ws/build/CMakeFiles/CMakeTmp/CheckSymbolExists.c:
/* */
#include <pthread.h>

int main(int argc, char** argv)
{
  (void)argv;
#ifndef pthread_create
  return ((int*)(&pthread_create))[argc];
#else
  (void)argc;
  return 0;
#endif
}

Determining if the function pthread_create exists in the pthreads failed with the following output:
Change Dir: /home/shawn/ros_ws/build/CMakeFiles/CMakeTmp

Run Build Command:/usr/bin/make "cmTryCompileExec2355079406/fast"
/usr/bin/make -f CMakeFiles/cmTryCompileExec2355079406.dir/build.make CMakeFiles/cmTryCompileExec2355079406.dir/build
make[1]: Entering directory `/home/shawn/ros_ws/build/CMakeFiles/CMakeTmp'
/usr/bin/cmake -E cmake_progress_report /home/shawn/ros_ws/build/CMakeFiles/CMakeTmp/CMakeFiles 1
Building C object CMakeFiles/cmTryCompileExec2355079406.dir/CheckFunctionExists.c.o
/usr/bin/cc   -DCHECK_FUNCTION_EXISTS=pthread_create   -o CMakeFiles/cmTryCompileExec2355079406.dir/CheckFunctionExists.c.o   -c /usr/share/cmake-2.8/Modules/CheckFunctionExists.c
Linking C executable cmTryCompileExec2355079406
/usr/bin/cmake -E cmake_link_script CMakeFiles/cmTryCompileExec2355079406.dir/link.txt --verbose=1
/usr/bin/cc   -DCHECK_FUNCTION_EXISTS=pthread_create    CMakeFiles/cmTryCompileExec2355079406.dir/CheckFunctionExists.c.o  -o cmTryCompileExec2355079406 -rdynamic -lpthreads 
/usr/bin/ld: cannot find -lpthreads
collect2: error: ld returned 1 exit status
make[1]: *** [cmTryCompileExec2355079406] Error 1
make[1]: Leaving directory `/home/shawn/ros_ws/build/CMakeFiles/CMakeTmp'
make: *** [cmTryCompileExec2355079406/fast] Error 2


